<?xml version="1.0" encoding="UTF-8"?>
<!-- Generated by org.testng.reporters.JUnitXMLReporter -->
<testsuite hostname="EzgiOne-PC" ignored="0" name="Test Web Search" tests="3" failures="0" timestamp="17 Nis 2018 13:38:32 GMT" time="11.214" errors="0">
  <testcase name="openWebPage" time="2.157" classname="com.test.search.WebSearchTest"/>
  <testcase name="searchForKeyword" time="1.812" classname="com.test.search.WebSearchTest"/>
  <testcase name="takeScreenShotForResult" time="0.318" classname="com.test.search.WebSearchTest"/>
</testsuite> <!-- Test Web Search -->
